<?xml version="1.0" encoding="UTF-8"?>
<!-- Generated by org.testng.reporters.JUnitReportReporter -->
<testsuite hostname="DESKTOP-NCHRHGP" failures="0" tests="2" name="allTests.MensTopwearPage_Test" time="17.083" errors="0" timestamp="2021-08-20T18:21:16 IST" skipped="0">
  <testcase classname="allTests.MensTopwearPage_Test" name="Test6" time="8.644"/>
  <system-out/>
  <testcase classname="allTests.MensTopwearPage_Test" name="Test7" time="8.439"/>
  <system-out/>
</testsuite> <!-- allTests.MensTopwearPage_Test -->
